Microsoft (R) Macro Assembler Version 14.38.32919.0	    12/11/24 20:19:04
SE_asm01.asm						     Page 1 - 1


				.model flat,stdcall;
				includelib kernel32.lib;
					ExitProcess PROTO : DWORD;
					MessageBoxA PROTO : DWORD, : DWORD, : DWORD, : DWORD

				.STACK 4096;

 00000000			.DATA;
 = 00000000				MB_OK	EQU 0
 00000000 CC EE FF 20 EF		STR1 BYTE "Моя первая программа", 0
	   E5 F0 E2 E0 FF
	   20 EF F0 EE E3
	   F0 E0 EC EC E0
	   00
 00000015 48 65 6C 6C 6F		STR2 BYTE "Hello World", 0
	   20 57 6F 72 6C
	   64 00
 00000021 00000000			HW DWORD ?

 00000000			.code;

 00000000			main PROC;
 00000000			START :
 00000000  6A 00				PUSH MB_OK
 00000002  68 00000000 R			PUSH OFFSET STR1
 00000007  68 00000015 R			PUSH OFFSET STR2
 0000000C  FF 35 00000021 R			PUSH HW
 00000012  E8 00000000 E			CALL MessageBoxA

						Invoke MessageboxA, MB_OK, OFFSET STR1, OFFSET STR2, HW
 0000002E  6A FF			push -1;
 00000030  E8 00000000 E		call ExitProcess;
 00000035			main ENDP;

				end main;
Microsoft (R) Macro Assembler Version 14.38.32919.0	    12/11/24 20:19:04
SE_asm01.asm						     Symbols 2 - 1




Segments and Groups:

                N a m e                 Size     Length   Align   Combine Class

FLAT . . . . . . . . . . . . . .	GROUP
STACK  . . . . . . . . . . . . .	32 Bit	 00001000 Para	  Stack	  'STACK'	 
_DATA  . . . . . . . . . . . . .	32 Bit	 00000025 Para	  Public  'DATA'	
_TEXT  . . . . . . . . . . . . .	32 Bit	 00000035 Para	  Public  'CODE'	


Procedures, parameters, and locals:

                N a m e                 Type     Value    Attr

ExitProcess  . . . . . . . . . .	P Near	 00000000 FLAT	Length= 00000000 External STDCALL
MessageBoxA  . . . . . . . . . .	P Near	 00000000 FLAT	Length= 00000000 External STDCALL
main . . . . . . . . . . . . . .	P Near	 00000000 _TEXT	Length= 00000035 Public STDCALL
  START  . . . . . . . . . . . .	L Near	 00000000 _TEXT	


Symbols:

                N a m e                 Type     Value    Attr

@CodeSize  . . . . . . . . . . .	Number	 00000000h   
@DataSize  . . . . . . . . . . .	Number	 00000000h   
@Interface . . . . . . . . . . .	Number	 00000003h   
@Model . . . . . . . . . . . . .	Number	 00000007h   
@code  . . . . . . . . . . . . .	Text   	 _TEXT
@data  . . . . . . . . . . . . .	Text   	 FLAT
@fardata?  . . . . . . . . . . .	Text   	 FLAT
@fardata . . . . . . . . . . . .	Text   	 FLAT
@stack . . . . . . . . . . . . .	Text   	 FLAT
HW . . . . . . . . . . . . . . .	DWord	 00000021 _DATA	
MB_OK  . . . . . . . . . . . . .	Number	 00000000h   
STR1 . . . . . . . . . . . . . .	Byte	 00000000 _DATA	
STR2 . . . . . . . . . . . . . .	Byte	 00000015 _DATA	

	   0 Warnings
	   0 Errors
