Сборка начата 13.12.2024 9:29:33.
Уровень детализации журнала: Normal.     1>Проект "D:\уник\3 сем\КПО\asm03\asm03\ASS\ASS.vcxproj" в узле 2 (целевые объекты Build).
     1>InitializeBuildStatus:
         Создание "Debug\ASS.tlog\unsuccessfulbuild", так как было задано "AlwaysCreate".
         Обращение к "Debug\ASS.tlog\unsuccessfulbuild".
       _MASM:
         Assembling asm.asm...
         cmd.exe /C "C:\Users\Lenovo\AppData\Local\Temp\tmp51d4b90556734830bf765dec47a491d7.cmd"
         ml.exe /c /nologo /Zi /Fo"Debug\asm.obj" /W3 /errorReport:prompt  /Taasm.asm
       Link:
         C:\Program Files\Microsoft Visual Studio\2022\Preview\VC\Tools\MSVC\14.38.32919\bin\HostX86\x86\link.exe /ERRORREPORT:PROMPT /OUT:"D:\уник\3 сем\КПО\asm03\asm03\Debug\ASS.exe" /INCREMENTAL /ILK:"Debug\ASS.ilk" /NOLOGO kernel32.lib user32.lib gdi32.lib winspool.lib comdlg32.lib advapi32.lib shell32.lib ole32.lib oleaut32.lib uuid.lib odbc32.lib odbccp32.lib /MANIFEST /MANIFESTUAC:"level='asInvoker' uiAccess='false'" /manifest:embed /DEBUG /PDB:"D:\уник\3 сем\КПО\asm03\asm03\Debug\ASS.pdb" /SUBSYSTEM:CONSOLE /TLBID:1 /DYNAMICBASE /NXCOMPAT /IMPLIB:"D:\уник\3 сем\КПО\asm03\asm03\Debug\ASS.lib" /MACHINE:X86 Debug\asm.obj
         ASS.vcxproj -> D:\уник\3 сем\КПО\asm03\asm03\Debug\ASS.exe
       FinalizeBuildStatus:
         Файл "Debug\ASS.tlog\unsuccessfulbuild" удаляется.
         Обращение к "Debug\ASS.tlog\ASS.lastbuildstate".
     1>Сборка проекта "D:\уник\3 сем\КПО\asm03\asm03\ASS\ASS.vcxproj" завершена (целевые объекты Build).

Сборка успешно завершена.
    Предупреждений: 0
    Ошибок: 0

Прошло времени 00:00:01.12
