Сборка начата 23.10.2024 20:15:39.
Уровень детализации журнала: Normal.     1>Проект "D:\уник\3 сем\КПО\lab14 - 15 гс\SE_lab14\SE_lab14\SE_lab14.vcxproj" в узле 2 (целевые объекты Build).
     1>InitializeBuildStatus:
         Создание "x64\Debug\SE_lab14.tlog\unsuccessfulbuild", так как было задано "AlwaysCreate".
         Обращение к "x64\Debug\SE_lab14.tlog\unsuccessfulbuild".
       ClCompile:
         C:\Program Files\Microsoft Visual Studio\2022\Preview\VC\Tools\MSVC\14.38.32919\bin\HostX64\x64\CL.exe /c /ZI /JMC /nologo /W3 /WX- /diagnostics:column /sdl /Od /D _DEBUG /D _CONSOLE /D _UNICODE /D UNICODE /Gm- /EHsc /RTC1 /MDd /GS /fp:precise /Zc:wchar_t /Zc:forScope /Zc:inline /permissive- /Fo"x64\Debug\\" /Fd"x64\Debug\vc143.pdb" /external:W3 /Gd /TP /FC /errorReport:prompt In.cpp Log.cpp SE_lab14.cpp
         In.cpp
         Log.cpp
         SE_lab14.cpp
     1>D:\уник\3 сем\КПО\lab14 - 15 гс\SE_lab14\SE_lab14\SE_lab14.cpp(74,3): warning C4102: Log: неиспользованная метка
         Создание кода...
       Link:
         C:\Program Files\Microsoft Visual Studio\2022\Preview\VC\Tools\MSVC\14.38.32919\bin\HostX64\x64\link.exe /ERRORREPORT:PROMPT /OUT:"D:\уник\3 сем\КПО\lab14 - 15 гс\SE_lab14\x64\Debug\SE_lab14.exe" /INCREMENTAL /ILK:"x64\Debug\SE_lab14.ilk" /NOLOGO kernel32.lib user32.lib gdi32.lib winspool.lib comdlg32.lib advapi32.lib shell32.lib ole32.lib oleaut32.lib uuid.lib odbc32.lib odbccp32.lib /MANIFEST /MANIFESTUAC:"level='asInvoker' uiAccess='false'" /manifest:embed /DEBUG /PDB:"D:\уник\3 сем\КПО\lab14 - 15 гс\SE_lab14\x64\Debug\SE_lab14.pdb" /SUBSYSTEM:CONSOLE /TLBID:1 /DYNAMICBASE /NXCOMPAT /IMPLIB:"D:\уник\3 сем\КПО\lab14 - 15 гс\SE_lab14\x64\Debug\SE_lab14.lib" /MACHINE:X64 x64\Debug\Error.obj
         x64\Debug\In.obj
         x64\Debug\Log.obj
         x64\Debug\Parm.obj
         x64\Debug\SE_lab14.obj
         SE_lab14.vcxproj -> D:\уник\3 сем\КПО\lab14 - 15 гс\SE_lab14\x64\Debug\SE_lab14.exe
       FinalizeBuildStatus:
         Файл "x64\Debug\SE_lab14.tlog\unsuccessfulbuild" удаляется.
         Обращение к "x64\Debug\SE_lab14.tlog\SE_lab14.lastbuildstate".
     1>Сборка проекта "D:\уник\3 сем\КПО\lab14 - 15 гс\SE_lab14\SE_lab14\SE_lab14.vcxproj" завершена (целевые объекты Build).

Сборка успешно завершена.

       "D:\уник\3 сем\КПО\lab14 - 15 гс\SE_lab14\SE_lab14\SE_lab14.vcxproj" (целевой объект Build ) (1) ->
       (Целевой объект ClCompile) -> 
         D:\уник\3 сем\КПО\lab14 - 15 гс\SE_lab14\SE_lab14\SE_lab14.cpp(74,3): warning C4102: Log: неиспользованная метка

    Предупреждений: 1
    Ошибок: 0

Прошло времени 00:00:01.75
