Сборка начата 13.11.2024 16:34:26.
Уровень детализации журнала: Normal.     1>Проект "D:\уник\3 сем\КПО\lab17 гс\SE_lab_17\SE_Lab17\SE_Lab17\SE_Lab17.vcxproj" в узле 2 (целевые объекты Build).
     1>InitializeBuildStatus:
         Создание "x64\Debug\SE_Lab17.tlog\unsuccessfulbuild", так как было задано "AlwaysCreate".
         Обращение к "x64\Debug\SE_Lab17.tlog\unsuccessfulbuild".
       ClCompile:
         C:\Program Files\Microsoft Visual Studio\2022\Preview\VC\Tools\MSVC\14.38.32919\bin\HostX64\x64\CL.exe /c /ZI /JMC /nologo /W3 /WX- /diagnostics:column /sdl /Od /D _DEBUG /D _CONSOLE /D _UNICODE /D UNICODE /Gm- /EHsc /RTC1 /MDd /GS /fp:precise /Zc:wchar_t /Zc:forScope /Zc:inline /permissive- /Fo"x64\Debug\\" /Fd"x64\Debug\vc143.pdb" /external:W3 /Gd /TP /FC /errorReport:prompt Error.cpp FST.cpp In.cpp IT.cpp Lexer.cpp Log.cpp LT.cpp Out.cpp Parm.cpp SE_Lab17.cpp
         Error.cpp
         FST.cpp
     1>D:\уник\3 сем\КПО\lab17 гс\SE_lab_17\SE_Lab17\SE_Lab17\FST.cpp(81,23): warning C4267: инициализация: преобразование из "size_t" в "short"; возможна потеря данных
         In.cpp
     1>D:\уник\3 сем\КПО\lab17 гс\SE_lab_17\SE_Lab17\SE_Lab17\In.cpp(1,10): warning C4067: непредвиденные лексемы за директивой препроцессора, требуется newline
     1>D:\уник\3 сем\КПО\lab17 гс\SE_lab_17\SE_Lab17\SE_Lab17\In.cpp(2,10): warning C4067: непредвиденные лексемы за директивой препроцессора, требуется newline
     1>D:\уник\3 сем\КПО\lab17 гс\SE_lab_17\SE_Lab17\SE_Lab17\In.cpp(49,21): warning C4244: =: преобразование "wchar_t" в "unsigned char", возможна потеря данных
     1>D:\уник\3 сем\КПО\lab17 гс\SE_lab_17\SE_Lab17\SE_Lab17\In.cpp(52,11): warning C4244: =: преобразование "wchar_t" в "char", возможна потеря данных
     1>D:\уник\3 сем\КПО\lab17 гс\SE_lab_17\SE_Lab17\SE_Lab17\In.cpp(73,13): warning C4244: =: преобразование "wchar_t" в "char", возможна потеря данных
         IT.cpp
         Lexer.cpp
     1>D:\уник\3 сем\КПО\lab17 гс\SE_lab_17\SE_Lab17\SE_Lab17\LT.h(32,21): warning C4838: Преобразование из "unsigned int" в "int" требует сужающего преобразования.
         Log.cpp
         LT.cpp
         Out.cpp
         Parm.cpp
     1>D:\уник\3 сем\КПО\lab17 гс\SE_lab_17\SE_Lab17\SE_Lab17\Parm.cpp(50,19): warning C4267: инициализация: преобразование из "size_t" в "short"; возможна потеря данных
     1>D:\уник\3 сем\КПО\lab17 гс\SE_lab_17\SE_Lab17\SE_Lab17\Parm.cpp(61,19): warning C4267: инициализация: преобразование из "size_t" в "short"; возможна потеря данных
         SE_Lab17.cpp
         Создание кода...
       Link:
         C:\Program Files\Microsoft Visual Studio\2022\Preview\VC\Tools\MSVC\14.38.32919\bin\HostX64\x64\link.exe /ERRORREPORT:PROMPT /OUT:"D:\уник\3 сем\КПО\lab17 гс\SE_lab_17\SE_Lab17\x64\Debug\SE_Lab17.exe" /INCREMENTAL /ILK:"x64\Debug\SE_Lab17.ilk" /NOLOGO kernel32.lib user32.lib gdi32.lib winspool.lib comdlg32.lib advapi32.lib shell32.lib ole32.lib oleaut32.lib uuid.lib odbc32.lib odbccp32.lib /MANIFEST /MANIFESTUAC:"level='asInvoker' uiAccess='false'" /manifest:embed /DEBUG /PDB:"D:\уник\3 сем\КПО\lab17 гс\SE_lab_17\SE_Lab17\x64\Debug\SE_Lab17.pdb" /SUBSYSTEM:CONSOLE /TLBID:1 /DYNAMICBASE /NXCOMPAT /IMPLIB:"D:\уник\3 сем\КПО\lab17 гс\SE_lab_17\SE_Lab17\x64\Debug\SE_Lab17.lib" /MACHINE:X64 x64\Debug\Error.obj
         x64\Debug\FST.obj
         x64\Debug\In.obj
         x64\Debug\IT.obj
         x64\Debug\Lexer.obj
         x64\Debug\Log.obj
         x64\Debug\LT.obj
         x64\Debug\Out.obj
         x64\Debug\Parm.obj
         x64\Debug\SE_Lab17.obj
         SE_Lab17.vcxproj -> D:\уник\3 сем\КПО\lab17 гс\SE_lab_17\SE_Lab17\x64\Debug\SE_Lab17.exe
       TlogCleanup:
         Следующие элементы будут удалены из tlogs, так как они были удалены из проекта или сборки: D:\уник\3 сем\КПО\lab17\lab_17\SE_Lab17\SE_Lab17\Error.cpp.
       FinalizeBuildStatus:
         Файл "x64\Debug\SE_Lab17.tlog\unsuccessfulbuild" удаляется.
         Обращение к "x64\Debug\SE_Lab17.tlog\SE_Lab17.lastbuildstate".
     1>Сборка проекта "D:\уник\3 сем\КПО\lab17 гс\SE_lab_17\SE_Lab17\SE_Lab17\SE_Lab17.vcxproj" завершена (целевые объекты Build).

Сборка успешно завершена.

       "D:\уник\3 сем\КПО\lab17 гс\SE_lab_17\SE_Lab17\SE_Lab17\SE_Lab17.vcxproj" (целевой объект Build ) (1) ->
       (Целевой объект ClCompile) -> 
         D:\уник\3 сем\КПО\lab17 гс\SE_lab_17\SE_Lab17\SE_Lab17\FST.cpp(81,23): warning C4267: инициализация: преобразование из "size_t" в "short"; возможна потеря данных
         D:\уник\3 сем\КПО\lab17 гс\SE_lab_17\SE_Lab17\SE_Lab17\In.cpp(1,10): warning C4067: непредвиденные лексемы за директивой препроцессора, требуется newline
         D:\уник\3 сем\КПО\lab17 гс\SE_lab_17\SE_Lab17\SE_Lab17\In.cpp(2,10): warning C4067: непредвиденные лексемы за директивой препроцессора, требуется newline
         D:\уник\3 сем\КПО\lab17 гс\SE_lab_17\SE_Lab17\SE_Lab17\In.cpp(49,21): warning C4244: =: преобразование "wchar_t" в "unsigned char", возможна потеря данных
         D:\уник\3 сем\КПО\lab17 гс\SE_lab_17\SE_Lab17\SE_Lab17\In.cpp(52,11): warning C4244: =: преобразование "wchar_t" в "char", возможна потеря данных
         D:\уник\3 сем\КПО\lab17 гс\SE_lab_17\SE_Lab17\SE_Lab17\In.cpp(73,13): warning C4244: =: преобразование "wchar_t" в "char", возможна потеря данных
         D:\уник\3 сем\КПО\lab17 гс\SE_lab_17\SE_Lab17\SE_Lab17\LT.h(32,21): warning C4838: Преобразование из "unsigned int" в "int" требует сужающего преобразования.
         D:\уник\3 сем\КПО\lab17 гс\SE_lab_17\SE_Lab17\SE_Lab17\Parm.cpp(50,19): warning C4267: инициализация: преобразование из "size_t" в "short"; возможна потеря данных
         D:\уник\3 сем\КПО\lab17 гс\SE_lab_17\SE_Lab17\SE_Lab17\Parm.cpp(61,19): warning C4267: инициализация: преобразование из "size_t" в "short"; возможна потеря данных

    Предупреждений: 9
    Ошибок: 0

Прошло времени 00:00:05.25
