

Таблица Лексем:
01 tfi(ti,ti)
02 {
03 dti;
04 i=iv(ivi);
05 ri;
06 };
07 tfi(ti,ti)
08 {
09 dti;
10 dtfi(ti,ti,ti);
11 i=i(i,l,l)vi;
12 ri;
13 };
14 m
15 {
16 dti;
17 dti;
18 dti;
19 dti;
20 dti;
21 dti;
22 dtfi(ti);
23 i=l;
24 i=l;
25 i=l;
26 i=l;
27 i=i(i,i);
28 i=i(i,i);
29 pl;
30 pi;
31 pi;
32 pi(i);
33 rl;
34 };

Таблица Идентификаторов:
fi, INT, F, 3, 0
x, INT, P, 6, 1
y, INT, P, 9, 5
z, INT, V, 14, 0
fs, STR, F, 33, 
a, STR, P, 36, 
b, STR, P, 39, 
c, STR, V, 44, 
substr, STR, F, 49, 
a, STR, P, 52, 
p, INT, P, 55, 0
n, INT, P, 58, 0
x, INT, V, 83, 0
y, INT, V, 87, 0
z, INT, V, 91, 0
sa, STR, V, 95, '1234567890'
sb, STR, V, 99, '1234567890'
sc, STR, V, 103, 
strlen, INT, F, 108, 0
p, STR, P, 111, 
