Сборка начата 20.11.2024 20:17:28.
Уровень детализации журнала: Normal.     1>Проект "D:\уник\3 сем\КПО\lab18\SE_Lab18\SE_Lab17\SE_Lab17.vcxproj" в узле 2 (целевые объекты Build).
     1>InitializeBuildStatus:
         Создание "x64\Debug\SE_Lab17.tlog\unsuccessfulbuild", так как было задано "AlwaysCreate".
         Обращение к "x64\Debug\SE_Lab17.tlog\unsuccessfulbuild".
       ClCompile:
         C:\Program Files\Microsoft Visual Studio\2022\Preview\VC\Tools\MSVC\14.38.32919\bin\HostX64\x64\CL.exe /c /ZI /JMC /nologo /W3 /WX- /diagnostics:column /sdl /Od /D _DEBUG /D _CONSOLE /D _UNICODE /D UNICODE /Gm- /EHsc /RTC1 /MDd /GS /fp:precise /Zc:wchar_t /Zc:forScope /Zc:inline /permissive- /Fo"x64\Debug\\" /Fd"x64\Debug\vc143.pdb" /external:W3 /Gd /TP /FC /errorReport:prompt Griebach.cpp
         Griebach.cpp
     1>D:\уник\3 сем\КПО\lab18\SE_Lab18\SE_Lab17\Rules.h(7,1): warning C4005: NS: изменение макроопределения
       D:\уник\3 сем\КПО\lab18\SE_Lab18\SE_Lab17\Greibach.h(3,1): message : см. предыдущее определение "NS"
     1>D:\уник\3 сем\КПО\lab18\SE_Lab18\SE_Lab17\Rules.h(8,1): warning C4005: TS: изменение макроопределения
       D:\уник\3 сем\КПО\lab18\SE_Lab18\SE_Lab17\Greibach.h(4,1): message : см. предыдущее определение "TS"
       Link:
         C:\Program Files\Microsoft Visual Studio\2022\Preview\VC\Tools\MSVC\14.38.32919\bin\HostX64\x64\link.exe /ERRORREPORT:PROMPT /OUT:"D:\уник\3 сем\КПО\lab18\SE_Lab18\x64\Debug\SE_Lab17.exe" /INCREMENTAL /ILK:"x64\Debug\SE_Lab17.ilk" /NOLOGO kernel32.lib user32.lib gdi32.lib winspool.lib comdlg32.lib advapi32.lib shell32.lib ole32.lib oleaut32.lib uuid.lib odbc32.lib odbccp32.lib /MANIFEST /MANIFESTUAC:"level='asInvoker' uiAccess='false'" /manifest:embed /DEBUG /PDB:"D:\уник\3 сем\КПО\lab18\SE_Lab18\x64\Debug\SE_Lab17.pdb" /SUBSYSTEM:CONSOLE /TLBID:1 /DYNAMICBASE /NXCOMPAT /IMPLIB:"D:\уник\3 сем\КПО\lab18\SE_Lab18\x64\Debug\SE_Lab17.lib" /MACHINE:X64 x64\Debug\Error.obj
         x64\Debug\FST.obj
         x64\Debug\Griebach.obj
         x64\Debug\In.obj
         x64\Debug\IT.obj
         x64\Debug\Lexer.obj
         x64\Debug\Log.obj
         x64\Debug\LT.obj
         x64\Debug\Mfst.obj
         x64\Debug\Out.obj
         x64\Debug\Parm.obj
         x64\Debug\SE_Lab17.obj
         SE_Lab17.vcxproj -> D:\уник\3 сем\КПО\lab18\SE_Lab18\x64\Debug\SE_Lab17.exe
       FinalizeBuildStatus:
         Файл "x64\Debug\SE_Lab17.tlog\unsuccessfulbuild" удаляется.
         Обращение к "x64\Debug\SE_Lab17.tlog\SE_Lab17.lastbuildstate".
     1>Сборка проекта "D:\уник\3 сем\КПО\lab18\SE_Lab18\SE_Lab17\SE_Lab17.vcxproj" завершена (целевые объекты Build).

Сборка успешно завершена.

       "D:\уник\3 сем\КПО\lab18\SE_Lab18\SE_Lab17\SE_Lab17.vcxproj" (целевой объект Build ) (1) ->
       (Целевой объект ClCompile) -> 
         D:\уник\3 сем\КПО\lab18\SE_Lab18\SE_Lab17\Rules.h(7,1): warning C4005: NS: изменение макроопределения
         D:\уник\3 сем\КПО\lab18\SE_Lab18\SE_Lab17\Rules.h(8,1): warning C4005: TS: изменение макроопределения

    Предупреждений: 2
    Ошибок: 0

Прошло времени 00:00:01.08
